  Main.cpp
c:\users\pichau\documents\computacao grafica\cgrepository\cg-2018\cg\p2\transform.h(113): warning C4244: '=': conversão de 'double' para 'real', possível perda de dados
          with
          [
              real=float
          ]
c:\users\pichau\documents\computacao grafica\cgrepository\cg-2018\cg\p2\transform.h(114): warning C4244: '=': conversão de 'double' para 'real', possível perda de dados
          with
          [
              real=float
          ]
c:\users\pichau\documents\computacao grafica\cgrepository\cg-2018\cg\p2\transform.h(115): warning C4244: '=': conversão de 'double' para 'real', possível perda de dados
          with
          [
              real=float
          ]
c:\users\pichau\documents\computacao grafica\cgrepository\cg-2018\cg\p2\transform.h(122): warning C4244: '=': conversão de 'double' para 'float', possível perda de dados
  P2.cpp
c:\users\pichau\documents\computacao grafica\cgrepository\cg-2018\cg\p2\transform.h(113): warning C4244: '=': conversão de 'double' para 'real', possível perda de dados
          with
          [
              real=float
          ]
c:\users\pichau\documents\computacao grafica\cgrepository\cg-2018\cg\p2\transform.h(114): warning C4244: '=': conversão de 'double' para 'real', possível perda de dados
          with
          [
              real=float
          ]
c:\users\pichau\documents\computacao grafica\cgrepository\cg-2018\cg\p2\transform.h(115): warning C4244: '=': conversão de 'double' para 'real', possível perda de dados
          with
          [
              real=float
          ]
c:\users\pichau\documents\computacao grafica\cgrepository\cg-2018\cg\p2\transform.h(122): warning C4244: '=': conversão de 'double' para 'float', possível perda de dados
  Renderer.cpp
c:\users\pichau\documents\computacao grafica\cgrepository\cg-2018\cg\p2\transform.h(113): warning C4244: '=': conversão de 'double' para 'real', possível perda de dados
          with
          [
              real=float
          ]
c:\users\pichau\documents\computacao grafica\cgrepository\cg-2018\cg\p2\transform.h(114): warning C4244: '=': conversão de 'double' para 'real', possível perda de dados
          with
          [
              real=float
          ]
c:\users\pichau\documents\computacao grafica\cgrepository\cg-2018\cg\p2\transform.h(115): warning C4244: '=': conversão de 'double' para 'real', possível perda de dados
          with
          [
              real=float
          ]
c:\users\pichau\documents\computacao grafica\cgrepository\cg-2018\cg\p2\transform.h(122): warning C4244: '=': conversão de 'double' para 'float', possível perda de dados
  Gerando código
  11 of 2397 functions ( 0.5%) were compiled, the rest were copied from previous compilation.
    0 functions were new in current compilation
    8 functions had inline decision re-evaluated but remain unchanged
  Finalizada a geração de código
  p2.vcxproj -> C:\Users\Pichau\Documents\Computacao Grafica\CGRepository\cg-2018\cg\p2\build\vs2017\..\..\p2.exe
