  P3.cpp
c:\users\pichau\documents\computacao grafica\cgrepository\cg-2018\cg\p3\transform.h(113): warning C4244: '=': conversão de 'double' para 'real', possível perda de dados
          with
          [
              real=float
          ]
c:\users\pichau\documents\computacao grafica\cgrepository\cg-2018\cg\p3\transform.h(114): warning C4244: '=': conversão de 'double' para 'real', possível perda de dados
          with
          [
              real=float
          ]
c:\users\pichau\documents\computacao grafica\cgrepository\cg-2018\cg\p3\transform.h(115): warning C4244: '=': conversão de 'double' para 'real', possível perda de dados
          with
          [
              real=float
          ]
c:\users\pichau\documents\computacao grafica\cgrepository\cg-2018\cg\p3\transform.h(122): warning C4244: '=': conversão de 'double' para 'float', possível perda de dados
c:\users\pichau\documents\computacao grafica\cgrepository\cg-2018\cg\p3\p3.cpp(120): warning C4305: 'argumento': truncamento de 'double' para 'float'
c:\users\pichau\documents\computacao grafica\cgrepository\cg-2018\cg\p3\p3.cpp(462): warning C4305: 'argumento': truncamento de 'double' para 'float'
c:\users\pichau\documents\computacao grafica\cgrepository\cg-2018\cg\p3\p3.cpp(463): warning C4244: 'argumento': conversão de 'double' para 'float', possível perda de dados
c:\users\pichau\documents\computacao grafica\cgrepository\cg-2018\cg\p3\p3.cpp(464): warning C4305: 'argumento': truncamento de 'double' para 'float'
c:\users\pichau\documents\computacao grafica\cgrepository\cg-2018\cg\p3\p3.cpp(465): warning C4244: 'argumento': conversão de 'double' para 'float', possível perda de dados
c:\users\pichau\documents\computacao grafica\cgrepository\cg-2018\cg\p3\p3.cpp(442): warning C4101: 'temp2': variável local não referenciada
  Gerando código
  1 of 2443 functions (<0.1%) were compiled, the rest were copied from previous compilation.
    0 functions were new in current compilation
    2 functions had inline decision re-evaluated but remain unchanged
  Finalizada a geração de código
  p3.vcxproj -> C:\Users\Pichau\Documents\Computacao Grafica\CGRepository\cg-2018\cg\p3\build\vs2017\..\..\p3.exe
